<?xml version="1.0" encoding="UTF-8"?>
<!-- Generated by org.testng.reporters.JUnitReportReporter -->
<testsuite hostname="DESKTOP-PUKSTHP" failures="0" tests="13" name="orangHrmTest.orangHrmTest.AppTest" time="46.532" errors="0" timestamp="2025-06-20T18:44:01 PDT" skipped="0">
  <testcase classname="orangHrmTest.orangHrmTest.AppTest" name="login" time="0.371"/>
  <testcase classname="orangHrmTest.orangHrmTest.AppTest" name="addAdmin" time="7.382"/>
  <testcase classname="orangHrmTest.orangHrmTest.AppTest" name="adminLogin" time="1.031"/>
  <testcase classname="orangHrmTest.orangHrmTest.AppTest" name="editFromAdmin" time="4.620"/>
  <testcase classname="orangHrmTest.orangHrmTest.AppTest" name="deleteFromAdmin" time="5.458"/>
  <testcase classname="orangHrmTest.orangHrmTest.AppTest" name="searchAdminRecords" time="1.069"/>
  <testcase classname="orangHrmTest.orangHrmTest.AppTest" name="addEmployee" time="8.241"/>
  <testcase classname="orangHrmTest.orangHrmTest.AppTest" name="editEmployee" time="4.166"/>
  <testcase classname="orangHrmTest.orangHrmTest.AppTest" name="deleteEmployee" time="1.345"/>
  <testcase classname="orangHrmTest.orangHrmTest.AppTest" name="employeeSearch" time="1.891"/>
  <testcase classname="orangHrmTest.orangHrmTest.AppTest" name="addEss" time="5.707"/>
  <testcase classname="orangHrmTest.orangHrmTest.AppTest" name="leaveList" time="4.261"/>
  <testcase classname="orangHrmTest.orangHrmTest.AppTest" name="essLogin" time="0.990"/>
</testsuite> <!-- orangHrmTest.orangHrmTest.AppTest -->
