<?xml version="1.0" encoding="UTF-8"?>
<!-- Generated by org.testng.reporters.JUnitReportReporter -->
<testsuite hostname="DESKTOP-NO6VRSL" failures="0" tests="9" name="orangHrmTest.orangHrmTest.AppTest" time="37.999" errors="0" timestamp="2025-06-02T03:36:25 PDT" skipped="0">
  <testcase classname="orangHrmTest.orangHrmTest.AppTest" name="login" time="0.732"/>
  <testcase classname="orangHrmTest.orangHrmTest.AppTest" name="addAdmin" time="7.093"/>
  <testcase classname="orangHrmTest.orangHrmTest.AppTest" name="editAdmin" time="7.281"/>
  <testcase classname="orangHrmTest.orangHrmTest.AppTest" name="deleteAdmin" time="5.177"/>
  <testcase classname="orangHrmTest.orangHrmTest.AppTest" name="searchAdminRecords" time="0.180"/>
  <testcase classname="orangHrmTest.orangHrmTest.AppTest" name="addEmployee" time="9.583"/>
  <testcase classname="orangHrmTest.orangHrmTest.AppTest" name="editEmployee" time="4.412"/>
  <testcase classname="orangHrmTest.orangHrmTest.AppTest" name="deleteEmployee" time="1.757"/>
  <testcase classname="orangHrmTest.orangHrmTest.AppTest" name="employeeSearch" time="1.784"/>
</testsuite> <!-- orangHrmTest.orangHrmTest.AppTest -->
